<?xml version="1.0" encoding="UTF-8"?>
<testng-results ignored="0" total="1" passed="1" failed="0" skipped="0">
  <reporter-output>
  </reporter-output>
  <suite started-at="2022-02-09T20:46:05 IST" name="Suite" finished-at="2022-02-09T20:47:16 IST" duration-ms="70564">
    <groups>
    </groups>
    <test started-at="2022-02-09T20:46:05 IST" name="Test" finished-at="2022-02-09T20:47:16 IST" duration-ms="70564">
      <class name="FrameworkTutorial.Appium_Framework.ApiDemo_TC">
        <test-method signature="Apidemo()[pri:0, instance:FrameworkTutorial.Appium_Framework.ApiDemo_TC@2c767a52]" started-at="2022-02-09T20:46:05 IST" name="Apidemo" finished-at="2022-02-09T20:47:16 IST" duration-ms="70291" status="PASS">
          <reporter-output>
          </reporter-output>
        </test-method> <!-- Apidemo -->
      </class> <!-- FrameworkTutorial.Appium_Framework.ApiDemo_TC -->
    </test> <!-- Test -->
  </suite> <!-- Suite -->
</testng-results>
